<?xml version="1.0" encoding="UTF-8"?>
<testng-results ignored="0" total="1" passed="1" failed="0" skipped="0">
  <reporter-output>
  </reporter-output>
  <suite started-at="2021-12-07T23:12:07 IST" name="Default suite" finished-at="2021-12-07T23:12:09 IST" duration-ms="1759">
    <groups>
    </groups>
    <test started-at="2021-12-07T23:12:07 IST" name="Default test" finished-at="2021-12-07T23:12:09 IST" duration-ms="1759">
      <class name="RestTest.put">
        <test-method signature="test1()[pri:0, instance:RestTest.put@1f0f1111]" started-at="2021-12-07T23:12:07 IST" name="test1" finished-at="2021-12-07T23:12:09 IST" duration-ms="1712" status="PASS">
          <reporter-output>
          </reporter-output>
        </test-method> <!-- test1 -->
      </class> <!-- RestTest.put -->
    </test> <!-- Default test -->
  </suite> <!-- Default suite -->
</testng-results>
