<?xml version="1.0" encoding="UTF-8"?>
<!-- Generated by org.testng.reporters.JUnitXMLReporter -->
<testsuite ignored="0" hostname="fazil-Vostro-2520" failures="0" tests="3" name="Default test" time="0.086" errors="0" timestamp="2021-12-21T16:49:25 IST">
  <testcase classname="testNg.beforeclass" name="ctest" time="0.007"/>
  <testcase classname="testNg.beforeclass" name="dtest" time="0.002"/>
  <testcase classname="testNg.beforeclass" name="etest" time="0.003"/>
</testsuite> <!-- Default test -->
