<?xml version="1.0" encoding="UTF-8"?>
<!-- Generated by org.testng.reporters.JUnitXMLReporter -->
<testsuite ignored="0" hostname="fazil-Vostro-2520" failures="0" tests="4" name="GRP-user-registration" time="0.085" errors="0" timestamp="2021-12-21T15:47:17 IST">
  <testcase classname="testNg.Groups" name="atest" time="0.011"/>
  <testcase classname="testNg.Groups" name="btest" time="0.002"/>
  <testcase classname="testNg.Groups" name="ctest" time="0.003"/>
  <testcase classname="testNg.Groups" name="dtest" time="0.002"/>
</testsuite> <!-- GRP-user-registration -->
