<?xml version="1.0" encoding="UTF-8"?>
<!-- Generated by org.testng.reporters.JUnitXMLReporter -->
<testsuite ignored="2" hostname="fazil-Vostro-2520" failures="0" tests="2" name="GRP-blue" time="0.081" errors="0" timestamp="2021-12-21T15:40:40 IST">
  <testcase classname="testNg.Groups" name="ctest" time="0.013"/>
  <testcase classname="testNg.Groups" name="dtest" time="0.002"/>
  <testcase classname="testNg.Groups" name="atest" time="0.0">
    <ignored/>
  </testcase> <!-- atest -->
  <testcase classname="testNg.Groups" name="btest" time="0.0">
    <ignored/>
  </testcase> <!-- btest -->
</testsuite> <!-- GRP-blue -->
