<?xml version="1.0" encoding="UTF-8"?>
<testng-results ignored="0" total="1" passed="1" failed="0" skipped="0">
  <reporter-output>
  </reporter-output>
  <suite started-at="2021-12-08T16:39:37 IST" name="Default suite" finished-at="2021-12-08T16:39:55 IST" duration-ms="18214">
    <groups>
    </groups>
    <test started-at="2021-12-08T16:39:37 IST" name="Default test" finished-at="2021-12-08T16:39:55 IST" duration-ms="18214">
      <class name="PractiseTest.SimplePractise">
        <test-method signature="test1()[pri:0, instance:PractiseTest.SimplePractise@3901d134]" started-at="2021-12-08T16:39:37 IST" name="test1" finished-at="2021-12-08T16:39:55 IST" duration-ms="18158" status="PASS">
          <reporter-output>
          </reporter-output>
        </test-method> <!-- test1 -->
      </class> <!-- PractiseTest.SimplePractise -->
    </test> <!-- Default test -->
  </suite> <!-- Default suite -->
</testng-results>
